# JRE version: OpenJDK Runtime Environment (11.0.12+7) (build 11.0.12+7-b1504.28-7817840)
# Java VM: OpenJDK 64-Bit Server VM (11.0.12+7-b1504.28-7817840, mixed mode, tiered, compressed oops, g1 gc, windows-amd64)
Heap:
 garbage-first heap   total 157696K, used 57154K [0x00000006e0000000, 0x0000000800000000)
  region size 1024K, 4 young (4096K), 3 survivors (3072K)
 Metaspace       used 62154K, capacity 63717K, committed 64000K, reserved 1128448K
  class space    used 7843K, capacity 8393K, committed 8448K, reserved 1048576K
GC Heap History (20 events):
Event: 5.423 GC heap before
{Heap before GC invocations=3 (full 0):
 garbage-first heap   total 131072K, used 54895K [0x00000006e0000000, 0x0000000800000000)
  region size 1024K, 46 young (47104K), 4 survivors (4096K)
 Metaspace       used 17440K, capacity 17823K, committed 18176K, reserved 1064960K
  class space    used 2053K, capacity 2177K, committed 2304K, reserved 1048576K
}
Event: 5.432 GC heap after
{Heap after GC invocations=4 (full 0):
 garbage-first heap   total 131072K, used 15920K [0x00000006e0000000, 0x0000000800000000)
  region size 1024K, 6 young (6144K), 6 survivors (6144K)
 Metaspace       used 17440K, capacity 17823K, committed 18176K, reserved 1064960K
  class space    used 2053K, capacity 2177K, committed 2304K, reserved 1048576K
}
Event: 5.988 GC heap before
{Heap before GC invocations=4 (full 0):
 garbage-first heap   total 131072K, used 46640K [0x00000006e0000000, 0x0000000800000000)
  region size 1024K, 37 young (37888K), 6 survivors (6144K)
 Metaspace       used 20715K, capacity 21086K, committed 21248K, reserved 1067008K
  class space    used 2554K, capacity 2711K, committed 2816K, reserved 1048576K
}
Event: 5.998 GC heap after
{Heap after GC invocations=5 (full 0):
 garbage-first heap   total 131072K, used 16909K [0x00000006e0000000, 0x0000000800000000)
  region size 1024K, 2 young (2048K), 2 survivors (2048K)
 Metaspace       used 20715K, capacity 21086K, committed 21248K, reserved 1067008K
  class space    used 2554K, capacity 2711K, committed 2816K, reserved 1048576K
}
Event: 7.573 GC heap before
{Heap before GC invocations=6 (full 0):
 garbage-first heap   total 131072K, used 69133K [0x00000006e0000000, 0x0000000800000000)
  region size 1024K, 53 young (54272K), 2 survivors (2048K)
 Metaspace       used 26122K, capacity 26699K, committed 27008K, reserved 1073152K
  class space    used 3393K, capacity 3587K, committed 3712K, reserved 1048576K
}
Event: 7.582 GC heap after
{Heap after GC invocations=7 (full 0):
 garbage-first heap   total 131072K, used 18763K [0x00000006e0000000, 0x0000000800000000)
  region size 1024K, 3 young (3072K), 3 survivors (3072K)
 Metaspace       used 26122K, capacity 26699K, committed 27008K, reserved 1073152K
  class space    used 3393K, capacity 3587K, committed 3712K, reserved 1048576K
}
Event: 10.779 GC heap before
{Heap before GC invocations=7 (full 0):
 garbage-first heap   total 131072K, used 79179K [0x00000006e0000000, 0x0000000800000000)
  region size 1024K, 63 young (64512K), 3 survivors (3072K)
 Metaspace       used 34943K, capacity 35798K, committed 35840K, reserved 1081344K
  class space    used 4532K, capacity 4839K, committed 4864K, reserved 1048576K
}
Event: 10.808 GC heap after
{Heap after GC invocations=8 (full 0):
 garbage-first heap   total 131072K, used 22044K [0x00000006e0000000, 0x0000000800000000)
  region size 1024K, 7 young (7168K), 7 survivors (7168K)
 Metaspace       used 34943K, capacity 35798K, committed 35840K, reserved 1081344K
  class space    used 4532K, capacity 4839K, committed 4864K, reserved 1048576K
}
Event: 12.498 GC heap before
{Heap before GC invocations=9 (full 0):
 garbage-first heap   total 131072K, used 88604K [0x00000006e0000000, 0x0000000800000000)
  region size 1024K, 70 young (71680K), 7 survivors (7168K)
 Metaspace       used 39974K, capacity 40924K, committed 41088K, reserved 1085440K
  class space    used 5111K, capacity 5435K, committed 5504K, reserved 1048576K
}
Event: 12.526 GC heap after
{Heap after GC invocations=10 (full 0):
 garbage-first heap   total 131072K, used 27301K [0x00000006e0000000, 0x0000000800000000)
  region size 1024K, 9 young (9216K), 9 survivors (9216K)
 Metaspace       used 39974K, capacity 40924K, committed 41088K, reserved 1085440K
  class space    used 5111K, capacity 5435K, committed 5504K, reserved 1048576K
}
Event: 14.347 GC heap before
{Heap before GC invocations=10 (full 0):
 garbage-first heap   total 131072K, used 92837K [0x00000006e0000000, 0x0000000800000000)
  region size 1024K, 73 young (74752K), 9 survivors (9216K)
 Metaspace       used 45686K, capacity 46786K, committed 46976K, reserved 1089536K
  class space    used 5872K, capacity 6252K, committed 6272K, reserved 1048576K
}
Event: 14.373 GC heap after
{Heap after GC invocations=11 (full 0):
 garbage-first heap   total 131072K, used 30328K [0x00000006e0000000, 0x0000000800000000)
  region size 1024K, 4 young (4096K), 4 survivors (4096K)
 Metaspace       used 45686K, capacity 46786K, committed 46976K, reserved 1089536K
  class space    used 5872K, capacity 6252K, committed 6272K, reserved 1048576K
}
Event: 17.235 GC heap before
{Heap before GC invocations=11 (full 0):
 garbage-first heap   total 131072K, used 98936K [0x00000006e0000000, 0x0000000800000000)
  region size 1024K, 70 young (71680K), 4 survivors (4096K)
 Metaspace       used 48736K, capacity 50037K, committed 50304K, reserved 1093632K
  class space    used 6222K, capacity 6666K, committed 6784K, reserved 1048576K
}
Event: 17.272 GC heap after
{Heap after GC invocations=12 (full 0):
 garbage-first heap   total 157696K, used 38912K [0x00000006e0000000, 0x0000000800000000)
  region size 1024K, 9 young (9216K), 9 survivors (9216K)
 Metaspace       used 48736K, capacity 50037K, committed 50304K, reserved 1093632K
  class space    used 6222K, capacity 6666K, committed 6784K, reserved 1048576K
}
Event: 22.690 GC heap before
{Heap before GC invocations=12 (full 0):
 garbage-first heap   total 157696K, used 122880K [0x00000006e0000000, 0x0000000800000000)
  region size 1024K, 86 young (88064K), 9 survivors (9216K)
 Metaspace       used 58107K, capacity 59497K, committed 59520K, reserved 1101824K
  class space    used 7317K, capacity 7800K, committed 7808K, reserved 1048576K
}
Event: 22.720 GC heap after
{Heap after GC invocations=13 (full 0):
 garbage-first heap   total 157696K, used 54760K [0x00000006e0000000, 0x0000000800000000)
  region size 1024K, 10 young (10240K), 10 survivors (10240K)
 Metaspace       used 58107K, capacity 59497K, committed 59520K, reserved 1101824K
  class space    used 7317K, capacity 7800K, committed 7808K, reserved 1048576K
}
Event: 22.963 GC heap before
{Heap before GC invocations=13 (full 0):
 garbage-first heap   total 157696K, used 56808K [0x00000006e0000000, 0x0000000800000000)
  region size 1024K, 13 young (13312K), 10 survivors (10240K)
 Metaspace       used 58408K, capacity 59795K, committed 59904K, reserved 1101824K
  class space    used 7350K, capacity 7835K, committed 7936K, reserved 1048576K
}
Event: 22.974 GC heap after
{Heap after GC invocations=14 (full 0):
 garbage-first heap   total 157696K, used 55995K [0x00000006e0000000, 0x0000000800000000)
  region size 1024K, 2 young (2048K), 2 survivors (2048K)
 Metaspace       used 58408K, capacity 59795K, committed 59904K, reserved 1101824K
  class space    used 7350K, capacity 7835K, committed 7936K, reserved 1048576K
}
Event: 24.108 GC heap before
{Heap before GC invocations=15 (full 0):
 garbage-first heap   total 157696K, used 75451K [0x00000006e0000000, 0x0000000800000000)
  region size 1024K, 22 young (22528K), 2 survivors (2048K)
 Metaspace       used 61252K, capacity 62783K, committed 62848K, reserved 1118208K
  class space    used 7743K, capacity 8296K, committed 8320K, reserved 1048576K
}
Event: 24.117 GC heap after
{Heap after GC invocations=16 (full 0):
 garbage-first heap   total 157696K, used 56595K [0x00000006e0000000, 0x0000000800000000)
  region size 1024K, 2 young (2048K), 2 survivors (2048K)
 Metaspace       used 61252K, capacity 62783K, committed 62848K, reserved 1118208K
  class space    used 7743K, capacity 8296K, committed 8320K, reserved 1048576K
}

